{
  "RSpec": {
    "coverage": {
      "/home/maxcnunes/Development/my-workout-diary/config/environment.rb": [
        null,
        1,
        null,
        null,
        1
      ],
      "/home/maxcnunes/Development/my-workout-diary/config/application.rb": [
        1,
        null,
        1,
        null,
        null,
        null,
        1,
        null,
        1,
        1,
        null,
        null,
        null,
        null,
        null,
        null,
        null,
        null,
        null,
        null,
        null,
        null,
        null
      ],
      "/home/maxcnunes/Development/my-workout-diary/config/boot.rb": [
        null,
        1,
        null,
        1
      ],
      "/home/maxcnunes/Development/my-workout-diary/config/environments/test.rb": [
        1,
        null,
        null,
        null,
        null,
        null,
        null,
        1,
        null,
        null,
        null,
        null,
        1,
        null,
        null,
        1,
        1,
        null,
        null,
        1,
        1,
        null,
        null,
        1,
        null,
        null,
        1,
        null,
        null,
        null,
        null,
        1,
        null,
        null,
        1,
        null
      ],
      "/home/maxcnunes/Development/my-workout-diary/config/initializers/backtrace_silencers.rb": [
        null,
        null,
        null,
        null,
        null,
        null,
        null
      ],
      "/home/maxcnunes/Development/my-workout-diary/config/initializers/filter_parameter_logging.rb": [
        null,
        null,
        null,
        1
      ],
      "/home/maxcnunes/Development/my-workout-diary/config/initializers/inflections.rb": [
        null,
        null,
        null,
        null,
        null,
        null,
        null,
        null,
        null,
        null,
        null,
        null,
        null,
        null,
        null,
        null
      ],
      "/home/maxcnunes/Development/my-workout-diary/config/initializers/mime_types.rb": [
        null,
        null,
        null,
        null,
        null
      ],
      "/home/maxcnunes/Development/my-workout-diary/config/initializers/omniauth.rb": [
        1,
        null,
        1,
        1,
        null
      ],
      "/home/maxcnunes/Development/my-workout-diary/config/initializers/secret_token.rb": [
        null,
        null,
        null,
        null,
        null,
        null,
        null,
        null,
        null,
        null,
        null,
        1
      ],
      "/home/maxcnunes/Development/my-workout-diary/config/initializers/session_store.rb": [
        null,
        null,
        1
      ],
      "/home/maxcnunes/Development/my-workout-diary/config/initializers/wrap_parameters.rb": [
        null,
        null,
        null,
        null,
        null,
        null,
        1,
        1,
        null,
        null,
        null,
        null,
        null,
        null
      ],
      "/home/maxcnunes/Development/my-workout-diary/spec/factories/products.rb": [
        1,
        1,
        null,
        null,
        null,
        null,
        null,
        null,
        null,
        null,
        null
      ],
      "/home/maxcnunes/Development/my-workout-diary/config/routes.rb": [
        1,
        1,
        1,
        null,
        null,
        1,
        1,
        1,
        null
      ],
      "/home/maxcnunes/Development/my-workout-diary/app/helpers/application_helper.rb": [
        1,
        null
      ],
      "/home/maxcnunes/Development/my-workout-diary/app/helpers/workouts_helper.rb": [
        1,
        null
      ],
      "/home/maxcnunes/Development/my-workout-diary/app/controllers/workouts_controller.rb": [
        1,
        1,
        null,
        null
      ],
      "/home/maxcnunes/Development/my-workout-diary/app/controllers/application_controller.rb": [
        1,
        1,
        null,
        1,
        1,
        0,
        null,
        1,
        null
      ]
    },
    "timestamp": 1375928925
  }
}
